<?xml version="1.0" encoding="UTF-8"?>
<!-- Generated by org.testng.reporters.JUnitReportReporter -->
<testsuite hostname="LAPTOP-LRNS79PC" failures="0" tests="4" name="com.seleniumFramework.testCases.LoginTestCrm" time="20.790" errors="0" timestamp="2022-05-20T15:22:46 CDT" skipped="0">
  <testcase classname="com.seleniumFramework.testCases.LoginTestCrm" name="loginAppcase" time="2.858"/>
  <system-out/>
  <testcase classname="com.seleniumFramework.testCases.LoginTestCrm" name="searchTestCase" time="8.127"/>
  <system-out/>
  <testcase classname="com.seleniumFramework.testCases.LoginTestCrm" name="freeCourseTestCase" time="4.777"/>
  <system-out/>
  <testcase classname="com.seleniumFramework.testCases.LoginTestCrm" name="allCoursesTestCase" time="5.028"/>
  <system-out/>
</testsuite> <!-- com.seleniumFramework.testCases.LoginTestCrm -->
